<?xml version="1.0" encoding="UTF-8"?>
<testsuites name="Setting" time="297.569" tests="6" failures="2" errors="0">
   <testsuite name="Setting" tests="6" failures="2" errors="0" time="297.569" timestamp="2020-07-02 17:37:50" hostname="WISDOMVAST - DESKTOP-LK4MLAB" id="Test Suites/Setting">
      <properties>
         <property name="deviceName" value="samsung SM-A507FN (Android 10)"/>
         <property name="devicePlatform" value=""/>
         <property name="logFolder" value="C:\\Users\\WISDOMVAST\\Katalon Studio\\AIS_Karaoke\\Reports\\20200702_171852\\Setting\\20200702_171915"/>
         <property name="logFiles" value="C:\\Users\\WISDOMVAST\\Katalon Studio\\AIS_Karaoke\\Reports\\20200702_171852\\Setting\\20200702_171915\\appium.log, C:\\Users\\WISDOMVAST\\Katalon Studio\\AIS_Karaoke\\Reports\\20200702_171852\\Setting\\20200702_171915\\execution0.log"/>
         <property name="attachments" value="C:\\Users\\WISDOMVAST\\Katalon Studio\\AIS_Karaoke\\Reports\\20200702_171852\\Setting\\20200702_171915\\1593686348687.png, C:\\Users\\WISDOMVAST\\Katalon Studio\\AIS_Karaoke\\Reports\\20200702_171852\\Setting\\20200702_171915\\1593686349676.png, C:\\Users\\WISDOMVAST\\Katalon Studio\\AIS_Karaoke\\Reports\\20200702_171852\\Setting\\20200702_171915\\1593686399114.png"/>
         <property name="hostName" value="WISDOMVAST - DESKTOP-LK4MLAB"/>
         <property name="os" value="Windows 10 64bit"/>
         <property name="appiumServerStatus" value="{\&quot;value\&quot;:{\&quot;build\&quot;:{\&quot;version\&quot;:\&quot;1.17.1\&quot;}},\&quot;sessionId\&quot;:null,\&quot;status\&quot;:0}"/>
         <property name="katalonVersion" value="7.5.2.1"/>
         <property name="deviceOS" value="Android"/>
         <property name="appiumVersion" value="1.17.1"/>
         <property name="deviceModel" value="SM-A507FN"/>
         <property name="hostAddress" value="192.168.137.1"/>
         <property name="deviceManufacturer" value="samsung"/>
         <property name="deviceId" value="R58M93S563N"/>
         <property name="deviceName" value="samsung SM-A507FN (Android 10)"/>
         <property name="deviceOSVersion" value="10"/>
      </properties>
      <testcase name="Test Cases/Setting/Change language EN to TH" time="79.842" classname="Test Cases/Setting/Change language EN to TH" status="FAILED">
         <failure type="FAILED" message="Test Cases/Setting/Change language EN to TH FAILED.
Reason:
com.kms.katalon.core.exception.StepFailedException: Object Object Repository/Karaoke/Setting/Language/Radio THAI not found
	at com.kms.katalon.core.keyword.internal.KeywordMain.stepFailed(KeywordMain.groovy:50)
	at com.kms.katalon.core.mobile.keyword.internal.MobileKeywordMain.stepFailed(MobileKeywordMain.groovy:40)
	at com.kms.katalon.core.mobile.keyword.builtin.TapKeyword$_tap_closure1.doCall(TapKeyword.groovy:79)
	at com.kms.katalon.core.mobile.keyword.builtin.TapKeyword$_tap_closure1.call(TapKeyword.groovy)
	at com.kms.katalon.core.mobile.keyword.internal.MobileKeywordMain.runKeyword(MobileKeywordMain.groovy:21)
	at com.kms.katalon.core.mobile.keyword.builtin.TapKeyword.tap(TapKeyword.groovy:86)
	at com.kms.katalon.core.mobile.keyword.builtin.TapKeyword.execute(TapKeyword.groovy:68)
	at com.kms.katalon.core.keyword.internal.KeywordExecutor.executeKeywordForPlatform(KeywordExecutor.groovy:72)
	at com.kms.katalon.core.mobile.keyword.MobileBuiltInKeywords.tap(MobileBuiltInKeywords.groovy:577)
	at com.kms.katalon.core.mobile.keyword.MobileBuiltInKeywords$tap$2.call(Unknown Source)
	at Change language EN to TH.run(Change language EN to TH:36)
	at com.kms.katalon.core.main.ScriptEngine.run(ScriptEngine.java:194)
	at com.kms.katalon.core.main.ScriptEngine.runScriptAsRawText(ScriptEngine.java:119)
	at com.kms.katalon.core.main.TestCaseExecutor.runScript(TestCaseExecutor.java:337)
	at com.kms.katalon.core.main.TestCaseExecutor.doExecute(TestCaseExecutor.java:328)
	at com.kms.katalon.core.main.TestCaseExecutor.processExecutionPhase(TestCaseExecutor.java:307)
	at com.kms.katalon.core.main.TestCaseExecutor.accessMainPhase(TestCaseExecutor.java:299)
	at com.kms.katalon.core.main.TestCaseExecutor.execute(TestCaseExecutor.java:233)
	at com.kms.katalon.core.main.TestSuiteExecutor.accessTestCaseMainPhase(TestSuiteExecutor.java:169)
	at com.kms.katalon.core.main.TestSuiteExecutor.accessTestSuiteMainPhase(TestSuiteExecutor.java:142)
	at com.kms.katalon.core.main.TestSuiteExecutor.execute(TestSuiteExecutor.java:91)
	at com.kms.katalon.core.main.TestCaseMain.startTestSuite(TestCaseMain.java:157)
	at com.kms.katalon.core.main.TestCaseMain$startTestSuite$0.call(Unknown Source)
	at TempTestSuite1593685155789.run(TempTestSuite1593685155789.groovy:37)
"/>
         <system-out><![CDATA[2020-07-02 17:37:50 - [TEST_CASE][FAILED] - Test Cases/Setting/Change language EN to TH: Test Cases/Setting/Change language EN to TH FAILED.
Reason:
com.kms.katalon.core.exception.StepFailedException: Object Object Repository/Karaoke/Setting/Language/Radio THAI not found
	at com.kms.katalon.core.keyword.internal.KeywordMain.stepFailed(KeywordMain.groovy:50)
	at com.kms.katalon.core.mobile.keyword.internal.MobileKeywordMain.stepFailed(MobileKeywordMain.groovy:40)
	at com.kms.katalon.core.mobile.keyword.builtin.TapKeyword$_tap_closure1.doCall(TapKeyword.groovy:79)
	at com.kms.katalon.core.mobile.keyword.builtin.TapKeyword$_tap_closure1.call(TapKeyword.groovy)
	at com.kms.katalon.core.mobile.keyword.internal.MobileKeywordMain.runKeyword(MobileKeywordMain.groovy:21)
	at com.kms.katalon.core.mobile.keyword.builtin.TapKeyword.tap(TapKeyword.groovy:86)
	at com.kms.katalon.core.mobile.keyword.builtin.TapKeyword.execute(TapKeyword.groovy:68)
	at com.kms.katalon.core.keyword.internal.KeywordExecutor.executeKeywordForPlatform(KeywordExecutor.groovy:72)
	at com.kms.katalon.core.mobile.keyword.MobileBuiltInKeywords.tap(MobileBuiltInKeywords.groovy:577)
	at com.kms.katalon.core.mobile.keyword.MobileBuiltInKeywords$tap$2.call(Unknown Source)
	at Change language EN to TH.run(Change language EN to TH:36)
	at com.kms.katalon.core.main.ScriptEngine.run(ScriptEngine.java:194)
	at com.kms.katalon.core.main.ScriptEngine.runScriptAsRawText(ScriptEngine.java:119)
	at com.kms.katalon.core.main.TestCaseExecutor.runScript(TestCaseExecutor.java:337)
	at com.kms.katalon.core.main.TestCaseExecutor.doExecute(TestCaseExecutor.java:328)
	at com.kms.katalon.core.main.TestCaseExecutor.processExecutionPhase(TestCaseExecutor.java:307)
	at com.kms.katalon.core.main.TestCaseExecutor.accessMainPhase(TestCaseExecutor.java:299)
	at com.kms.katalon.core.main.TestCaseExecutor.execute(TestCaseExecutor.java:233)
	at com.kms.katalon.core.main.TestSuiteExecutor.accessTestCaseMainPhase(TestSuiteExecutor.java:169)
	at com.kms.katalon.core.main.TestSuiteExecutor.accessTestSuiteMainPhase(TestSuiteExecutor.java:142)
	at com.kms.katalon.core.main.TestSuiteExecutor.execute(TestSuiteExecutor.java:91)
	at com.kms.katalon.core.main.TestCaseMain.startTestSuite(TestCaseMain.java:157)
	at com.kms.katalon.core.main.TestCaseMain$startTestSuite$0.call(Unknown Source)
	at TempTestSuite1593685155789.run(TempTestSuite1593685155789.groovy:37)


2020-07-02 17:37:51 - [TEST_STEP][PASSED] - startApplication("C:\Users\WISDOMVAST\Downloads\karaoke_v2_stg_4.3.7_(60).apk", false): Started app at: 'C:\Users\WISDOMVAST\Downloads\karaoke_v2_stg_4.3.7_(60).apk'

2020-07-02 17:37:52 - [MESSAGE][INFO] - User set preference: ['deviceId', 'R58M93S563N']

2020-07-02 17:37:56 - [MESSAGE][INFO] - Appium server started on port 55,878

2020-07-02 17:38:10 - [MESSAGE][PASSED] - Started app at: 'C:\Users\WISDOMVAST\Downloads\karaoke_v2_stg_4.3.7_(60).apk'

2020-07-02 17:38:10 - [TEST_STEP][PASSED] - closeApplication(): Close app successfully

2020-07-02 17:38:11 - [MESSAGE][PASSED] - Close app successfully

2020-07-02 17:38:11 - [TEST_STEP][PASSED] - startApplication("C:\Users\WISDOMVAST\Downloads\karaoke_v2_stg_4.3.7_(60).apk", false): Started app at: 'C:\Users\WISDOMVAST\Downloads\karaoke_v2_stg_4.3.7_(60).apk'

2020-07-02 17:38:11 - [MESSAGE][INFO] - User set preference: ['deviceId', 'R58M93S563N']

2020-07-02 17:38:14 - [MESSAGE][INFO] - Appium server started on port 56,047

2020-07-02 17:38:26 - [MESSAGE][PASSED] - Started app at: 'C:\Users\WISDOMVAST\Downloads\karaoke_v2_stg_4.3.7_(60).apk'

2020-07-02 17:38:26 - [TEST_STEP][PASSED] - pressBack(): Press back button successfully

2020-07-02 17:38:28 - [MESSAGE][PASSED] - Press back button successfully

2020-07-02 17:38:28 - [TEST_STEP][PASSED] - delay(3, STOP_ON_FAILURE): Delayed 3 second(s)

2020-07-02 17:38:31 - [MESSAGE][PASSED] - Delayed 3 second(s)

2020-07-02 17:38:31 - [TEST_STEP][PASSED] - pressBack(): Press back button successfully

2020-07-02 17:38:31 - [MESSAGE][PASSED] - Press back button successfully

2020-07-02 17:38:31 - [TEST_STEP][PASSED] - tap(findTestObject("Karaoke/Setting/Profile Button"), 0): Tapped on element 'Object Repository/Karaoke/Setting/Profile Button'

2020-07-02 17:38:31 - [MESSAGE][WARNING] - Timeout '0' is invalid. Using default page load timeout: '30'

2020-07-02 17:38:34 - [MESSAGE][PASSED] - Tapped on element 'Object Repository/Karaoke/Setting/Profile Button'

2020-07-02 17:38:34 - [TEST_STEP][PASSED] - tap(findTestObject("Karaoke/Setting/Language/Setting Button"), 0): Tapped on element 'Object Repository/Karaoke/Setting/Language/Setting Button'

2020-07-02 17:38:35 - [MESSAGE][WARNING] - Timeout '0' is invalid. Using default page load timeout: '30'

2020-07-02 17:38:36 - [MESSAGE][PASSED] - Tapped on element 'Object Repository/Karaoke/Setting/Language/Setting Button'

2020-07-02 17:38:36 - [TEST_STEP][PASSED] - tap(findTestObject("Karaoke/Setting/Language/Language more"), 0): Tapped on element 'Object Repository/Karaoke/Setting/Language/Language more'

2020-07-02 17:38:36 - [MESSAGE][WARNING] - Timeout '0' is invalid. Using default page load timeout: '30'

2020-07-02 17:38:38 - [MESSAGE][PASSED] - Tapped on element 'Object Repository/Karaoke/Setting/Language/Language more'

2020-07-02 17:38:38 - [TEST_STEP][FAILED] - tap(findTestObject("Karaoke/Setting/Language/Radio THAI"), 0): Failed to tap on element 'Object Repository/Karaoke/Setting/Language/Radio THAI' (Root cause: com.kms.katalon.core.exception.StepFailedException: Object Object Repository/Karaoke/Setting/Language/Radio THAI not found
	at com.kms.katalon.core.keyword.internal.KeywordMain.stepFailed(KeywordMain.groovy:50)
	at com.kms.katalon.core.mobile.keyword.internal.MobileKeywordMain.stepFailed(MobileKeywordMain.groovy:40)
	at com.kms.katalon.core.mobile.keyword.builtin.TapKeyword$_tap_closure1.doCall(TapKeyword.groovy:79)
	at com.kms.katalon.core.mobile.keyword.builtin.TapKeyword$_tap_closure1.call(TapKeyword.groovy)
	at com.kms.katalon.core.mobile.keyword.internal.MobileKeywordMain.runKeyword(MobileKeywordMain.groovy:21)
	at com.kms.katalon.core.mobile.keyword.builtin.TapKeyword.tap(TapKeyword.groovy:86)
	at com.kms.katalon.core.mobile.keyword.builtin.TapKeyword.execute(TapKeyword.groovy:68)
	at com.kms.katalon.core.keyword.internal.KeywordExecutor.executeKeywordForPlatform(KeywordExecutor.groovy:72)
	at com.kms.katalon.core.mobile.keyword.MobileBuiltInKeywords.tap(MobileBuiltInKeywords.groovy:577)
	at com.kms.katalon.core.mobile.keyword.MobileBuiltInKeywords$tap$2.call(Unknown Source)
	at Change language EN to TH.run(Change language EN to TH:36)
	at com.kms.katalon.core.main.ScriptEngine.run(ScriptEngine.java:194)
	at com.kms.katalon.core.main.ScriptEngine.runScriptAsRawText(ScriptEngine.java:119)
	at com.kms.katalon.core.main.TestCaseExecutor.runScript(TestCaseExecutor.java:337)
	at com.kms.katalon.core.main.TestCaseExecutor.doExecute(TestCaseExecutor.java:328)
	at com.kms.katalon.core.main.TestCaseExecutor.processExecutionPhase(TestCaseExecutor.java:307)
	at com.kms.katalon.core.main.TestCaseExecutor.accessMainPhase(TestCaseExecutor.java:299)
	at com.kms.katalon.core.main.TestCaseExecutor.execute(TestCaseExecutor.java:233)
	at com.kms.katalon.core.main.TestSuiteExecutor.accessTestCaseMainPhase(TestSuiteExecutor.java:169)
	at com.kms.katalon.core.main.TestSuiteExecutor.accessTestSuiteMainPhase(TestSuiteExecutor.java:142)
	at com.kms.katalon.core.main.TestSuiteExecutor.execute(TestSuiteExecutor.java:91)
	at com.kms.katalon.core.main.TestCaseMain.startTestSuite(TestCaseMain.java:157)
	at com.kms.katalon.core.main.TestCaseMain$startTestSuite$0.call(Unknown Source)
	at TempTestSuite1593685155789.run(TempTestSuite1593685155789.groovy:37)
)

2020-07-02 17:38:38 - [MESSAGE][WARNING] - Timeout '0' is invalid. Using default page load timeout: '30'

2020-07-02 17:39:09 - [MESSAGE][FAILED] - Object Object Repository/Karaoke/Setting/Language/Radio THAI not found
[[ATTACHMENT|C:\\Users\\WISDOMVAST\\Katalon Studio\\AIS_Karaoke\\Reports\\20200702_171852\\Setting\\20200702_171915\\1593686348687.png]]

2020-07-02 17:39:10 - [MESSAGE][FAILED] - Failed to tap on element 'Object Repository/Karaoke/Setting/Language/Radio THAI' (Root cause: com.kms.katalon.core.exception.StepFailedException: Object Object Repository/Karaoke/Setting/Language/Radio THAI not found
	at com.kms.katalon.core.keyword.internal.KeywordMain.stepFailed(KeywordMain.groovy:50)
	at com.kms.katalon.core.mobile.keyword.internal.MobileKeywordMain.stepFailed(MobileKeywordMain.groovy:40)
	at com.kms.katalon.core.mobile.keyword.builtin.TapKeyword$_tap_closure1.doCall(TapKeyword.groovy:79)
	at com.kms.katalon.core.mobile.keyword.builtin.TapKeyword$_tap_closure1.call(TapKeyword.groovy)
	at com.kms.katalon.core.mobile.keyword.internal.MobileKeywordMain.runKeyword(MobileKeywordMain.groovy:21)
	at com.kms.katalon.core.mobile.keyword.builtin.TapKeyword.tap(TapKeyword.groovy:86)
	at com.kms.katalon.core.mobile.keyword.builtin.TapKeyword.execute(TapKeyword.groovy:68)
	at com.kms.katalon.core.keyword.internal.KeywordExecutor.executeKeywordForPlatform(KeywordExecutor.groovy:72)
	at com.kms.katalon.core.mobile.keyword.MobileBuiltInKeywords.tap(MobileBuiltInKeywords.groovy:577)
	at com.kms.katalon.core.mobile.keyword.MobileBuiltInKeywords$tap$2.call(Unknown Source)
	at Change language EN to TH.run(Change language EN to TH:36)
	at com.kms.katalon.core.main.ScriptEngine.run(ScriptEngine.java:194)
	at com.kms.katalon.core.main.ScriptEngine.runScriptAsRawText(ScriptEngine.java:119)
	at com.kms.katalon.core.main.TestCaseExecutor.runScript(TestCaseExecutor.java:337)
	at com.kms.katalon.core.main.TestCaseExecutor.doExecute(TestCaseExecutor.java:328)
	at com.kms.katalon.core.main.TestCaseExecutor.processExecutionPhase(TestCaseExecutor.java:307)
	at com.kms.katalon.core.main.TestCaseExecutor.accessMainPhase(TestCaseExecutor.java:299)
	at com.kms.katalon.core.main.TestCaseExecutor.execute(TestCaseExecutor.java:233)
	at com.kms.katalon.core.main.TestSuiteExecutor.accessTestCaseMainPhase(TestSuiteExecutor.java:169)
	at com.kms.katalon.core.main.TestSuiteExecutor.accessTestSuiteMainPhase(TestSuiteExecutor.java:142)
	at com.kms.katalon.core.main.TestSuiteExecutor.execute(TestSuiteExecutor.java:91)
	at com.kms.katalon.core.main.TestCaseMain.startTestSuite(TestCaseMain.java:157)
	at com.kms.katalon.core.main.TestCaseMain$startTestSuite$0.call(Unknown Source)
	at TempTestSuite1593685155789.run(TempTestSuite1593685155789.groovy:37)
)
[[ATTACHMENT|C:\\Users\\WISDOMVAST\\Katalon Studio\\AIS_Karaoke\\Reports\\20200702_171852\\Setting\\20200702_171915\\1593686349676.png]]]]></system-out>
         <system-err><![CDATA[2020-07-02 17:37:50 - [TEST_CASE][FAILED] - Test Cases/Setting/Change language EN to TH: Test Cases/Setting/Change language EN to TH FAILED.
Reason:
com.kms.katalon.core.exception.StepFailedException: Object Object Repository/Karaoke/Setting/Language/Radio THAI not found
	at com.kms.katalon.core.keyword.internal.KeywordMain.stepFailed(KeywordMain.groovy:50)
	at com.kms.katalon.core.mobile.keyword.internal.MobileKeywordMain.stepFailed(MobileKeywordMain.groovy:40)
	at com.kms.katalon.core.mobile.keyword.builtin.TapKeyword$_tap_closure1.doCall(TapKeyword.groovy:79)
	at com.kms.katalon.core.mobile.keyword.builtin.TapKeyword$_tap_closure1.call(TapKeyword.groovy)
	at com.kms.katalon.core.mobile.keyword.internal.MobileKeywordMain.runKeyword(MobileKeywordMain.groovy:21)
	at com.kms.katalon.core.mobile.keyword.builtin.TapKeyword.tap(TapKeyword.groovy:86)
	at com.kms.katalon.core.mobile.keyword.builtin.TapKeyword.execute(TapKeyword.groovy:68)
	at com.kms.katalon.core.keyword.internal.KeywordExecutor.executeKeywordForPlatform(KeywordExecutor.groovy:72)
	at com.kms.katalon.core.mobile.keyword.MobileBuiltInKeywords.tap(MobileBuiltInKeywords.groovy:577)
	at com.kms.katalon.core.mobile.keyword.MobileBuiltInKeywords$tap$2.call(Unknown Source)
	at Change language EN to TH.run(Change language EN to TH:36)
	at com.kms.katalon.core.main.ScriptEngine.run(ScriptEngine.java:194)
	at com.kms.katalon.core.main.ScriptEngine.runScriptAsRawText(ScriptEngine.java:119)
	at com.kms.katalon.core.main.TestCaseExecutor.runScript(TestCaseExecutor.java:337)
	at com.kms.katalon.core.main.TestCaseExecutor.doExecute(TestCaseExecutor.java:328)
	at com.kms.katalon.core.main.TestCaseExecutor.processExecutionPhase(TestCaseExecutor.java:307)
	at com.kms.katalon.core.main.TestCaseExecutor.accessMainPhase(TestCaseExecutor.java:299)
	at com.kms.katalon.core.main.TestCaseExecutor.execute(TestCaseExecutor.java:233)
	at com.kms.katalon.core.main.TestSuiteExecutor.accessTestCaseMainPhase(TestSuiteExecutor.java:169)
	at com.kms.katalon.core.main.TestSuiteExecutor.accessTestSuiteMainPhase(TestSuiteExecutor.java:142)
	at com.kms.katalon.core.main.TestSuiteExecutor.execute(TestSuiteExecutor.java:91)
	at com.kms.katalon.core.main.TestCaseMain.startTestSuite(TestCaseMain.java:157)
	at com.kms.katalon.core.main.TestCaseMain$startTestSuite$0.call(Unknown Source)
	at TempTestSuite1593685155789.run(TempTestSuite1593685155789.groovy:37)]]></system-err>
      </testcase>
      <testcase name="Test Cases/Setting/Change language TH to EN" time="49.412" classname="Test Cases/Setting/Change language TH to EN" status="FAILED">
         <failure type="FAILED" message="Test Cases/Setting/Change language TH to EN FAILED.
Reason:
com.kms.katalon.core.exception.StepFailedException: Failed to tap on element (Root cause: java.lang.IllegalArgumentException: Object is null
	at com.kms.katalon.core.helper.KeywordHelper.checkTestObjectParameter(KeywordHelper.java:33)
	at com.kms.katalon.core.mobile.keyword.builtin.TapKeyword$_tap_closure1.doCall(TapKeyword.groovy:74)
	at com.kms.katalon.core.mobile.keyword.builtin.TapKeyword$_tap_closure1.call(TapKeyword.groovy)
	at com.kms.katalon.core.mobile.keyword.internal.MobileKeywordMain.runKeyword(MobileKeywordMain.groovy:21)
	at com.kms.katalon.core.mobile.keyword.builtin.TapKeyword.tap(TapKeyword.groovy:86)
	at com.kms.katalon.core.mobile.keyword.builtin.TapKeyword.execute(TapKeyword.groovy:68)
	at com.kms.katalon.core.keyword.internal.KeywordExecutor.executeKeywordForPlatform(KeywordExecutor.groovy:72)
	at com.kms.katalon.core.mobile.keyword.MobileBuiltInKeywords.tap(MobileBuiltInKeywords.groovy:577)
	at com.kms.katalon.core.mobile.keyword.MobileBuiltInKeywords$tap$2.call(Unknown Source)
	at Change language TH to EN.run(Change language TH to EN:38)
	at com.kms.katalon.core.main.ScriptEngine.run(ScriptEngine.java:194)
	at com.kms.katalon.core.main.ScriptEngine.runScriptAsRawText(ScriptEngine.java:119)
	at com.kms.katalon.core.main.TestCaseExecutor.runScript(TestCaseExecutor.java:337)
	at com.kms.katalon.core.main.TestCaseExecutor.doExecute(TestCaseExecutor.java:328)
	at com.kms.katalon.core.main.TestCaseExecutor.processExecutionPhase(TestCaseExecutor.java:307)
	at com.kms.katalon.core.main.TestCaseExecutor.accessMainPhase(TestCaseExecutor.java:299)
	at com.kms.katalon.core.main.TestCaseExecutor.execute(TestCaseExecutor.java:233)
	at com.kms.katalon.core.main.TestSuiteExecutor.accessTestCaseMainPhase(TestSuiteExecutor.java:169)
	at com.kms.katalon.core.main.TestSuiteExecutor.accessTestSuiteMainPhase(TestSuiteExecutor.java:142)
	at com.kms.katalon.core.main.TestSuiteExecutor.execute(TestSuiteExecutor.java:91)
	at com.kms.katalon.core.main.TestCaseMain.startTestSuite(TestCaseMain.java:157)
	at com.kms.katalon.core.main.TestCaseMain$startTestSuite$0.call(Unknown Source)
	at TempTestSuite1593685155789.run(TempTestSuite1593685155789.groovy:37)
)
	at com.kms.katalon.core.keyword.internal.KeywordMain.stepFailed(KeywordMain.groovy:50)
	at com.kms.katalon.core.mobile.keyword.internal.MobileKeywordMain.stepFailed(MobileKeywordMain.groovy:40)
	at com.kms.katalon.core.mobile.keyword.internal.MobileKeywordMain.runKeyword(MobileKeywordMain.groovy:23)
	at com.kms.katalon.core.mobile.keyword.builtin.TapKeyword.tap(TapKeyword.groovy:86)
	at com.kms.katalon.core.mobile.keyword.builtin.TapKeyword.execute(TapKeyword.groovy:68)
	at com.kms.katalon.core.keyword.internal.KeywordExecutor.executeKeywordForPlatform(KeywordExecutor.groovy:72)
	at com.kms.katalon.core.mobile.keyword.MobileBuiltInKeywords.tap(MobileBuiltInKeywords.groovy:577)
	at com.kms.katalon.core.mobile.keyword.MobileBuiltInKeywords$tap$2.call(Unknown Source)
	at Change language TH to EN.run(Change language TH to EN:38)
	at com.kms.katalon.core.main.ScriptEngine.run(ScriptEngine.java:194)
	at com.kms.katalon.core.main.ScriptEngine.runScriptAsRawText(ScriptEngine.java:119)
	at com.kms.katalon.core.main.TestCaseExecutor.runScript(TestCaseExecutor.java:337)
	at com.kms.katalon.core.main.TestCaseExecutor.doExecute(TestCaseExecutor.java:328)
	at com.kms.katalon.core.main.TestCaseExecutor.processExecutionPhase(TestCaseExecutor.java:307)
	at com.kms.katalon.core.main.TestCaseExecutor.accessMainPhase(TestCaseExecutor.java:299)
	at com.kms.katalon.core.main.TestCaseExecutor.execute(TestCaseExecutor.java:233)
	at com.kms.katalon.core.main.TestSuiteExecutor.accessTestCaseMainPhase(TestSuiteExecutor.java:169)
	at com.kms.katalon.core.main.TestSuiteExecutor.accessTestSuiteMainPhase(TestSuiteExecutor.java:142)
	at com.kms.katalon.core.main.TestSuiteExecutor.execute(TestSuiteExecutor.java:91)
	at com.kms.katalon.core.main.TestCaseMain.startTestSuite(TestCaseMain.java:157)
	at com.kms.katalon.core.main.TestCaseMain$startTestSuite$0.call(Unknown Source)
	at TempTestSuite1593685155789.run(TempTestSuite1593685155789.groovy:37)
Caused by: java.lang.IllegalArgumentException: Object is null
	at com.kms.katalon.core.helper.KeywordHelper.checkTestObjectParameter(KeywordHelper.java:33)
	at com.kms.katalon.core.mobile.keyword.builtin.TapKeyword$_tap_closure1.doCall(TapKeyword.groovy:74)
	at com.kms.katalon.core.mobile.keyword.builtin.TapKeyword$_tap_closure1.call(TapKeyword.groovy)
	at com.kms.katalon.core.mobile.keyword.internal.MobileKeywordMain.runKeyword(MobileKeywordMain.groovy:21)
	... 19 more
"/>
         <system-out><![CDATA[2020-07-02 17:39:10 - [TEST_CASE][FAILED] - Test Cases/Setting/Change language TH to EN: Test Cases/Setting/Change language TH to EN FAILED.
Reason:
com.kms.katalon.core.exception.StepFailedException: Failed to tap on element (Root cause: java.lang.IllegalArgumentException: Object is null
	at com.kms.katalon.core.helper.KeywordHelper.checkTestObjectParameter(KeywordHelper.java:33)
	at com.kms.katalon.core.mobile.keyword.builtin.TapKeyword$_tap_closure1.doCall(TapKeyword.groovy:74)
	at com.kms.katalon.core.mobile.keyword.builtin.TapKeyword$_tap_closure1.call(TapKeyword.groovy)
	at com.kms.katalon.core.mobile.keyword.internal.MobileKeywordMain.runKeyword(MobileKeywordMain.groovy:21)
	at com.kms.katalon.core.mobile.keyword.builtin.TapKeyword.tap(TapKeyword.groovy:86)
	at com.kms.katalon.core.mobile.keyword.builtin.TapKeyword.execute(TapKeyword.groovy:68)
	at com.kms.katalon.core.keyword.internal.KeywordExecutor.executeKeywordForPlatform(KeywordExecutor.groovy:72)
	at com.kms.katalon.core.mobile.keyword.MobileBuiltInKeywords.tap(MobileBuiltInKeywords.groovy:577)
	at com.kms.katalon.core.mobile.keyword.MobileBuiltInKeywords$tap$2.call(Unknown Source)
	at Change language TH to EN.run(Change language TH to EN:38)
	at com.kms.katalon.core.main.ScriptEngine.run(ScriptEngine.java:194)
	at com.kms.katalon.core.main.ScriptEngine.runScriptAsRawText(ScriptEngine.java:119)
	at com.kms.katalon.core.main.TestCaseExecutor.runScript(TestCaseExecutor.java:337)
	at com.kms.katalon.core.main.TestCaseExecutor.doExecute(TestCaseExecutor.java:328)
	at com.kms.katalon.core.main.TestCaseExecutor.processExecutionPhase(TestCaseExecutor.java:307)
	at com.kms.katalon.core.main.TestCaseExecutor.accessMainPhase(TestCaseExecutor.java:299)
	at com.kms.katalon.core.main.TestCaseExecutor.execute(TestCaseExecutor.java:233)
	at com.kms.katalon.core.main.TestSuiteExecutor.accessTestCaseMainPhase(TestSuiteExecutor.java:169)
	at com.kms.katalon.core.main.TestSuiteExecutor.accessTestSuiteMainPhase(TestSuiteExecutor.java:142)
	at com.kms.katalon.core.main.TestSuiteExecutor.execute(TestSuiteExecutor.java:91)
	at com.kms.katalon.core.main.TestCaseMain.startTestSuite(TestCaseMain.java:157)
	at com.kms.katalon.core.main.TestCaseMain$startTestSuite$0.call(Unknown Source)
	at TempTestSuite1593685155789.run(TempTestSuite1593685155789.groovy:37)
)
	at com.kms.katalon.core.keyword.internal.KeywordMain.stepFailed(KeywordMain.groovy:50)
	at com.kms.katalon.core.mobile.keyword.internal.MobileKeywordMain.stepFailed(MobileKeywordMain.groovy:40)
	at com.kms.katalon.core.mobile.keyword.internal.MobileKeywordMain.runKeyword(MobileKeywordMain.groovy:23)
	at com.kms.katalon.core.mobile.keyword.builtin.TapKeyword.tap(TapKeyword.groovy:86)
	at com.kms.katalon.core.mobile.keyword.builtin.TapKeyword.execute(TapKeyword.groovy:68)
	at com.kms.katalon.core.keyword.internal.KeywordExecutor.executeKeywordForPlatform(KeywordExecutor.groovy:72)
	at com.kms.katalon.core.mobile.keyword.MobileBuiltInKeywords.tap(MobileBuiltInKeywords.groovy:577)
	at com.kms.katalon.core.mobile.keyword.MobileBuiltInKeywords$tap$2.call(Unknown Source)
	at Change language TH to EN.run(Change language TH to EN:38)
	at com.kms.katalon.core.main.ScriptEngine.run(ScriptEngine.java:194)
	at com.kms.katalon.core.main.ScriptEngine.runScriptAsRawText(ScriptEngine.java:119)
	at com.kms.katalon.core.main.TestCaseExecutor.runScript(TestCaseExecutor.java:337)
	at com.kms.katalon.core.main.TestCaseExecutor.doExecute(TestCaseExecutor.java:328)
	at com.kms.katalon.core.main.TestCaseExecutor.processExecutionPhase(TestCaseExecutor.java:307)
	at com.kms.katalon.core.main.TestCaseExecutor.accessMainPhase(TestCaseExecutor.java:299)
	at com.kms.katalon.core.main.TestCaseExecutor.execute(TestCaseExecutor.java:233)
	at com.kms.katalon.core.main.TestSuiteExecutor.accessTestCaseMainPhase(TestSuiteExecutor.java:169)
	at com.kms.katalon.core.main.TestSuiteExecutor.accessTestSuiteMainPhase(TestSuiteExecutor.java:142)
	at com.kms.katalon.core.main.TestSuiteExecutor.execute(TestSuiteExecutor.java:91)
	at com.kms.katalon.core.main.TestCaseMain.startTestSuite(TestCaseMain.java:157)
	at com.kms.katalon.core.main.TestCaseMain$startTestSuite$0.call(Unknown Source)
	at TempTestSuite1593685155789.run(TempTestSuite1593685155789.groovy:37)
Caused by: java.lang.IllegalArgumentException: Object is null
	at com.kms.katalon.core.helper.KeywordHelper.checkTestObjectParameter(KeywordHelper.java:33)
	at com.kms.katalon.core.mobile.keyword.builtin.TapKeyword$_tap_closure1.doCall(TapKeyword.groovy:74)
	at com.kms.katalon.core.mobile.keyword.builtin.TapKeyword$_tap_closure1.call(TapKeyword.groovy)
	at com.kms.katalon.core.mobile.keyword.internal.MobileKeywordMain.runKeyword(MobileKeywordMain.groovy:21)
	... 19 more


2020-07-02 17:39:11 - [TEST_STEP][PASSED] - startApplication("C:\Users\WISDOMVAST\Downloads\karaoke_v2_stg_4.3.7_(60).apk", false): Started app at: 'C:\Users\WISDOMVAST\Downloads\karaoke_v2_stg_4.3.7_(60).apk'

2020-07-02 17:39:11 - [MESSAGE][INFO] - User set preference: ['deviceId', 'R58M93S563N']

2020-07-02 17:39:25 - [MESSAGE][PASSED] - Started app at: 'C:\Users\WISDOMVAST\Downloads\karaoke_v2_stg_4.3.7_(60).apk'

2020-07-02 17:39:25 - [TEST_STEP][PASSED] - closeApplication(): Close app successfully

2020-07-02 17:39:25 - [MESSAGE][PASSED] - Close app successfully

2020-07-02 17:39:25 - [TEST_STEP][PASSED] - startApplication("C:\Users\WISDOMVAST\Downloads\karaoke_v2_stg_4.3.7_(60).apk", false): Started app at: 'C:\Users\WISDOMVAST\Downloads\karaoke_v2_stg_4.3.7_(60).apk'

2020-07-02 17:39:25 - [MESSAGE][INFO] - User set preference: ['deviceId', 'R58M93S563N']

2020-07-02 17:39:29 - [MESSAGE][INFO] - Appium server started on port 56,381

2020-07-02 17:39:42 - [MESSAGE][PASSED] - Started app at: 'C:\Users\WISDOMVAST\Downloads\karaoke_v2_stg_4.3.7_(60).apk'

2020-07-02 17:39:42 - [TEST_STEP][PASSED] - pressBack(): Press back button successfully

2020-07-02 17:39:44 - [MESSAGE][PASSED] - Press back button successfully

2020-07-02 17:39:44 - [TEST_STEP][PASSED] - delay(3, STOP_ON_FAILURE): Delayed 3 second(s)

2020-07-02 17:39:47 - [MESSAGE][PASSED] - Delayed 3 second(s)

2020-07-02 17:39:47 - [TEST_STEP][PASSED] - pressBack(): Press back button successfully

2020-07-02 17:39:48 - [MESSAGE][PASSED] - Press back button successfully

2020-07-02 17:39:48 - [TEST_STEP][PASSED] - tap(findTestObject("Karaoke/Setting/Profile Button"), 0): Tapped on element 'Object Repository/Karaoke/Setting/Profile Button'

2020-07-02 17:39:48 - [MESSAGE][WARNING] - Timeout '0' is invalid. Using default page load timeout: '30'

2020-07-02 17:39:51 - [MESSAGE][PASSED] - Tapped on element 'Object Repository/Karaoke/Setting/Profile Button'

2020-07-02 17:39:51 - [TEST_STEP][PASSED] - tap(findTestObject("Karaoke/Setting/Language/Setting Button"), 0): Tapped on element 'Object Repository/Karaoke/Setting/Language/Setting Button'

2020-07-02 17:39:52 - [MESSAGE][WARNING] - Timeout '0' is invalid. Using default page load timeout: '30'

2020-07-02 17:39:53 - [MESSAGE][PASSED] - Tapped on element 'Object Repository/Karaoke/Setting/Language/Setting Button'

2020-07-02 17:39:53 - [TEST_STEP][PASSED] - tap(findTestObject("Karaoke/Setting/Language/Language more"), 0): Tapped on element 'Object Repository/Karaoke/Setting/Language/Language more'

2020-07-02 17:39:53 - [MESSAGE][WARNING] - Timeout '0' is invalid. Using default page load timeout: '30'

2020-07-02 17:39:57 - [MESSAGE][PASSED] - Tapped on element 'Object Repository/Karaoke/Setting/Language/Language more'

2020-07-02 17:39:57 - [TEST_STEP][PASSED] - tap(findTestObject("Karaoke/Setting/Language/Radio Eng"), 0): Tapped on element 'Object Repository/Karaoke/Setting/Language/Radio Eng'

2020-07-02 17:39:57 - [MESSAGE][WARNING] - Timeout '0' is invalid. Using default page load timeout: '30'

2020-07-02 17:39:59 - [MESSAGE][PASSED] - Tapped on element 'Object Repository/Karaoke/Setting/Language/Radio Eng'

2020-07-02 17:39:59 - [TEST_STEP][FAILED] - tap(findTestObject("Karaoke/Setting/Language/Yes Button"), 0): Failed to tap on element (Root cause: java.lang.IllegalArgumentException: Object is null
	at com.kms.katalon.core.helper.KeywordHelper.checkTestObjectParameter(KeywordHelper.java:33)
	at com.kms.katalon.core.mobile.keyword.builtin.TapKeyword$_tap_closure1.doCall(TapKeyword.groovy:74)
	at com.kms.katalon.core.mobile.keyword.builtin.TapKeyword$_tap_closure1.call(TapKeyword.groovy)
	at com.kms.katalon.core.mobile.keyword.internal.MobileKeywordMain.runKeyword(MobileKeywordMain.groovy:21)
	at com.kms.katalon.core.mobile.keyword.builtin.TapKeyword.tap(TapKeyword.groovy:86)
	at com.kms.katalon.core.mobile.keyword.builtin.TapKeyword.execute(TapKeyword.groovy:68)
	at com.kms.katalon.core.keyword.internal.KeywordExecutor.executeKeywordForPlatform(KeywordExecutor.groovy:72)
	at com.kms.katalon.core.mobile.keyword.MobileBuiltInKeywords.tap(MobileBuiltInKeywords.groovy:577)
	at com.kms.katalon.core.mobile.keyword.MobileBuiltInKeywords$tap$2.call(Unknown Source)
	at Change language TH to EN.run(Change language TH to EN:38)
	at com.kms.katalon.core.main.ScriptEngine.run(ScriptEngine.java:194)
	at com.kms.katalon.core.main.ScriptEngine.runScriptAsRawText(ScriptEngine.java:119)
	at com.kms.katalon.core.main.TestCaseExecutor.runScript(TestCaseExecutor.java:337)
	at com.kms.katalon.core.main.TestCaseExecutor.doExecute(TestCaseExecutor.java:328)
	at com.kms.katalon.core.main.TestCaseExecutor.processExecutionPhase(TestCaseExecutor.java:307)
	at com.kms.katalon.core.main.TestCaseExecutor.accessMainPhase(TestCaseExecutor.java:299)
	at com.kms.katalon.core.main.TestCaseExecutor.execute(TestCaseExecutor.java:233)
	at com.kms.katalon.core.main.TestSuiteExecutor.accessTestCaseMainPhase(TestSuiteExecutor.java:169)
	at com.kms.katalon.core.main.TestSuiteExecutor.accessTestSuiteMainPhase(TestSuiteExecutor.java:142)
	at com.kms.katalon.core.main.TestSuiteExecutor.execute(TestSuiteExecutor.java:91)
	at com.kms.katalon.core.main.TestCaseMain.startTestSuite(TestCaseMain.java:157)
	at com.kms.katalon.core.main.TestCaseMain$startTestSuite$0.call(Unknown Source)
	at TempTestSuite1593685155789.run(TempTestSuite1593685155789.groovy:37)
)

2020-07-02 17:39:59 - [MESSAGE][WARNING] - Test object with id 'Object Repository/Karaoke/Setting/Language/Yes Button' does not exist

2020-07-02 17:39:59 - [MESSAGE][WARNING] - Test object with id 'Object Repository/' does not exist

2020-07-02 17:40:00 - [MESSAGE][FAILED] - Failed to tap on element (Root cause: java.lang.IllegalArgumentException: Object is null
	at com.kms.katalon.core.helper.KeywordHelper.checkTestObjectParameter(KeywordHelper.java:33)
	at com.kms.katalon.core.mobile.keyword.builtin.TapKeyword$_tap_closure1.doCall(TapKeyword.groovy:74)
	at com.kms.katalon.core.mobile.keyword.builtin.TapKeyword$_tap_closure1.call(TapKeyword.groovy)
	at com.kms.katalon.core.mobile.keyword.internal.MobileKeywordMain.runKeyword(MobileKeywordMain.groovy:21)
	at com.kms.katalon.core.mobile.keyword.builtin.TapKeyword.tap(TapKeyword.groovy:86)
	at com.kms.katalon.core.mobile.keyword.builtin.TapKeyword.execute(TapKeyword.groovy:68)
	at com.kms.katalon.core.keyword.internal.KeywordExecutor.executeKeywordForPlatform(KeywordExecutor.groovy:72)
	at com.kms.katalon.core.mobile.keyword.MobileBuiltInKeywords.tap(MobileBuiltInKeywords.groovy:577)
	at com.kms.katalon.core.mobile.keyword.MobileBuiltInKeywords$tap$2.call(Unknown Source)
	at Change language TH to EN.run(Change language TH to EN:38)
	at com.kms.katalon.core.main.ScriptEngine.run(ScriptEngine.java:194)
	at com.kms.katalon.core.main.ScriptEngine.runScriptAsRawText(ScriptEngine.java:119)
	at com.kms.katalon.core.main.TestCaseExecutor.runScript(TestCaseExecutor.java:337)
	at com.kms.katalon.core.main.TestCaseExecutor.doExecute(TestCaseExecutor.java:328)
	at com.kms.katalon.core.main.TestCaseExecutor.processExecutionPhase(TestCaseExecutor.java:307)
	at com.kms.katalon.core.main.TestCaseExecutor.accessMainPhase(TestCaseExecutor.java:299)
	at com.kms.katalon.core.main.TestCaseExecutor.execute(TestCaseExecutor.java:233)
	at com.kms.katalon.core.main.TestSuiteExecutor.accessTestCaseMainPhase(TestSuiteExecutor.java:169)
	at com.kms.katalon.core.main.TestSuiteExecutor.accessTestSuiteMainPhase(TestSuiteExecutor.java:142)
	at com.kms.katalon.core.main.TestSuiteExecutor.execute(TestSuiteExecutor.java:91)
	at com.kms.katalon.core.main.TestCaseMain.startTestSuite(TestCaseMain.java:157)
	at com.kms.katalon.core.main.TestCaseMain$startTestSuite$0.call(Unknown Source)
	at TempTestSuite1593685155789.run(TempTestSuite1593685155789.groovy:37)
)
[[ATTACHMENT|C:\\Users\\WISDOMVAST\\Katalon Studio\\AIS_Karaoke\\Reports\\20200702_171852\\Setting\\20200702_171915\\1593686399114.png]]]]></system-out>
         <system-err><![CDATA[2020-07-02 17:39:10 - [TEST_CASE][FAILED] - Test Cases/Setting/Change language TH to EN: Test Cases/Setting/Change language TH to EN FAILED.
Reason:
com.kms.katalon.core.exception.StepFailedException: Failed to tap on element (Root cause: java.lang.IllegalArgumentException: Object is null
	at com.kms.katalon.core.helper.KeywordHelper.checkTestObjectParameter(KeywordHelper.java:33)
	at com.kms.katalon.core.mobile.keyword.builtin.TapKeyword$_tap_closure1.doCall(TapKeyword.groovy:74)
	at com.kms.katalon.core.mobile.keyword.builtin.TapKeyword$_tap_closure1.call(TapKeyword.groovy)
	at com.kms.katalon.core.mobile.keyword.internal.MobileKeywordMain.runKeyword(MobileKeywordMain.groovy:21)
	at com.kms.katalon.core.mobile.keyword.builtin.TapKeyword.tap(TapKeyword.groovy:86)
	at com.kms.katalon.core.mobile.keyword.builtin.TapKeyword.execute(TapKeyword.groovy:68)
	at com.kms.katalon.core.keyword.internal.KeywordExecutor.executeKeywordForPlatform(KeywordExecutor.groovy:72)
	at com.kms.katalon.core.mobile.keyword.MobileBuiltInKeywords.tap(MobileBuiltInKeywords.groovy:577)
	at com.kms.katalon.core.mobile.keyword.MobileBuiltInKeywords$tap$2.call(Unknown Source)
	at Change language TH to EN.run(Change language TH to EN:38)
	at com.kms.katalon.core.main.ScriptEngine.run(ScriptEngine.java:194)
	at com.kms.katalon.core.main.ScriptEngine.runScriptAsRawText(ScriptEngine.java:119)
	at com.kms.katalon.core.main.TestCaseExecutor.runScript(TestCaseExecutor.java:337)
	at com.kms.katalon.core.main.TestCaseExecutor.doExecute(TestCaseExecutor.java:328)
	at com.kms.katalon.core.main.TestCaseExecutor.processExecutionPhase(TestCaseExecutor.java:307)
	at com.kms.katalon.core.main.TestCaseExecutor.accessMainPhase(TestCaseExecutor.java:299)
	at com.kms.katalon.core.main.TestCaseExecutor.execute(TestCaseExecutor.java:233)
	at com.kms.katalon.core.main.TestSuiteExecutor.accessTestCaseMainPhase(TestSuiteExecutor.java:169)
	at com.kms.katalon.core.main.TestSuiteExecutor.accessTestSuiteMainPhase(TestSuiteExecutor.java:142)
	at com.kms.katalon.core.main.TestSuiteExecutor.execute(TestSuiteExecutor.java:91)
	at com.kms.katalon.core.main.TestCaseMain.startTestSuite(TestCaseMain.java:157)
	at com.kms.katalon.core.main.TestCaseMain$startTestSuite$0.call(Unknown Source)
	at TempTestSuite1593685155789.run(TempTestSuite1593685155789.groovy:37)
)
	at com.kms.katalon.core.keyword.internal.KeywordMain.stepFailed(KeywordMain.groovy:50)
	at com.kms.katalon.core.mobile.keyword.internal.MobileKeywordMain.stepFailed(MobileKeywordMain.groovy:40)
	at com.kms.katalon.core.mobile.keyword.internal.MobileKeywordMain.runKeyword(MobileKeywordMain.groovy:23)
	at com.kms.katalon.core.mobile.keyword.builtin.TapKeyword.tap(TapKeyword.groovy:86)
	at com.kms.katalon.core.mobile.keyword.builtin.TapKeyword.execute(TapKeyword.groovy:68)
	at com.kms.katalon.core.keyword.internal.KeywordExecutor.executeKeywordForPlatform(KeywordExecutor.groovy:72)
	at com.kms.katalon.core.mobile.keyword.MobileBuiltInKeywords.tap(MobileBuiltInKeywords.groovy:577)
	at com.kms.katalon.core.mobile.keyword.MobileBuiltInKeywords$tap$2.call(Unknown Source)
	at Change language TH to EN.run(Change language TH to EN:38)
	at com.kms.katalon.core.main.ScriptEngine.run(ScriptEngine.java:194)
	at com.kms.katalon.core.main.ScriptEngine.runScriptAsRawText(ScriptEngine.java:119)
	at com.kms.katalon.core.main.TestCaseExecutor.runScript(TestCaseExecutor.java:337)
	at com.kms.katalon.core.main.TestCaseExecutor.doExecute(TestCaseExecutor.java:328)
	at com.kms.katalon.core.main.TestCaseExecutor.processExecutionPhase(TestCaseExecutor.java:307)
	at com.kms.katalon.core.main.TestCaseExecutor.accessMainPhase(TestCaseExecutor.java:299)
	at com.kms.katalon.core.main.TestCaseExecutor.execute(TestCaseExecutor.java:233)
	at com.kms.katalon.core.main.TestSuiteExecutor.accessTestCaseMainPhase(TestSuiteExecutor.java:169)
	at com.kms.katalon.core.main.TestSuiteExecutor.accessTestSuiteMainPhase(TestSuiteExecutor.java:142)
	at com.kms.katalon.core.main.TestSuiteExecutor.execute(TestSuiteExecutor.java:91)
	at com.kms.katalon.core.main.TestCaseMain.startTestSuite(TestCaseMain.java:157)
	at com.kms.katalon.core.main.TestCaseMain$startTestSuite$0.call(Unknown Source)
	at TempTestSuite1593685155789.run(TempTestSuite1593685155789.groovy:37)
Caused by: java.lang.IllegalArgumentException: Object is null
	at com.kms.katalon.core.helper.KeywordHelper.checkTestObjectParameter(KeywordHelper.java:33)
	at com.kms.katalon.core.mobile.keyword.builtin.TapKeyword$_tap_closure1.doCall(TapKeyword.groovy:74)
	at com.kms.katalon.core.mobile.keyword.builtin.TapKeyword$_tap_closure1.call(TapKeyword.groovy)
	at com.kms.katalon.core.mobile.keyword.internal.MobileKeywordMain.runKeyword(MobileKeywordMain.groovy:21)
	... 19 more]]></system-err>
      </testcase>
      <testcase name="Test Cases/Setting/Check Resolution" time="69.035" classname="Test Cases/Setting/Check Resolution" status="PASSED">
         <system-out><![CDATA[2020-07-02 17:40:00 - [TEST_CASE][PASSED] - Test Cases/Setting/Check Resolution: Test Cases/Setting/Check Resolution

2020-07-02 17:40:00 - [TEST_STEP][PASSED] - startApplication("C:\Users\WISDOMVAST\Downloads\karaoke_v2_stg_4.3.7_(60).apk", false): Started app at: 'C:\Users\WISDOMVAST\Downloads\karaoke_v2_stg_4.3.7_(60).apk'

2020-07-02 17:40:00 - [MESSAGE][INFO] - User set preference: ['deviceId', 'R58M93S563N']

2020-07-02 17:40:13 - [MESSAGE][PASSED] - Started app at: 'C:\Users\WISDOMVAST\Downloads\karaoke_v2_stg_4.3.7_(60).apk'

2020-07-02 17:40:13 - [TEST_STEP][PASSED] - pressBack(): Press back button successfully

2020-07-02 17:40:15 - [MESSAGE][PASSED] - Press back button successfully

2020-07-02 17:40:15 - [TEST_STEP][PASSED] - delay(3, STOP_ON_FAILURE): Delayed 3 second(s)

2020-07-02 17:40:18 - [MESSAGE][PASSED] - Delayed 3 second(s)

2020-07-02 17:40:18 - [TEST_STEP][PASSED] - pressBack(): Press back button successfully

2020-07-02 17:40:18 - [MESSAGE][PASSED] - Press back button successfully

2020-07-02 17:40:18 - [TEST_STEP][PASSED] - tap(findTestObject("Karaoke/Setting/Profile Button"), 0): Tapped on element 'Object Repository/Karaoke/Setting/Profile Button'

2020-07-02 17:40:18 - [MESSAGE][WARNING] - Timeout '0' is invalid. Using default page load timeout: '30'

2020-07-02 17:40:22 - [MESSAGE][PASSED] - Tapped on element 'Object Repository/Karaoke/Setting/Profile Button'

2020-07-02 17:40:22 - [TEST_STEP][PASSED] - tap(findTestObject("Karaoke/Setting/Language/Setting Button"), 0): Tapped on element 'Object Repository/Karaoke/Setting/Language/Setting Button'

2020-07-02 17:40:22 - [MESSAGE][WARNING] - Timeout '0' is invalid. Using default page load timeout: '30'

2020-07-02 17:40:23 - [MESSAGE][PASSED] - Tapped on element 'Object Repository/Karaoke/Setting/Language/Setting Button'

2020-07-02 17:40:23 - [TEST_STEP][PASSED] - tap(findTestObject("Karaoke/Setting/Resolution/Resolution Next"), 0): Tapped on element 'Object Repository/Karaoke/Setting/Resolution/Resolution Next'

2020-07-02 17:40:23 - [MESSAGE][WARNING] - Timeout '0' is invalid. Using default page load timeout: '30'

2020-07-02 17:40:27 - [MESSAGE][PASSED] - Tapped on element 'Object Repository/Karaoke/Setting/Resolution/Resolution Next'

2020-07-02 17:40:27 - [TEST_STEP][PASSED] - tap(findTestObject("Karaoke/Setting/Resolution/1080p button"), 0): Tapped on element 'Object Repository/Karaoke/Setting/Resolution/1080p button'

2020-07-02 17:40:27 - [MESSAGE][WARNING] - Timeout '0' is invalid. Using default page load timeout: '30'

2020-07-02 17:40:28 - [MESSAGE][PASSED] - Tapped on element 'Object Repository/Karaoke/Setting/Resolution/1080p button'

2020-07-02 17:40:28 - [TEST_STEP][PASSED] - tap(findTestObject("Karaoke/Setting/Resolution/confirm resolution"), 0): Tapped on element 'Object Repository/Karaoke/Setting/Resolution/confirm resolution'

2020-07-02 17:40:28 - [MESSAGE][WARNING] - Timeout '0' is invalid. Using default page load timeout: '30'

2020-07-02 17:40:29 - [MESSAGE][PASSED] - Tapped on element 'Object Repository/Karaoke/Setting/Resolution/confirm resolution'

2020-07-02 17:40:29 - [TEST_STEP][PASSED] - verifyElementText(findTestObject("Karaoke/Setting/Resolution/Text 1080p"), "1080p"): Actual text and expected text of test object 'Object Repository/Karaoke/Setting/Resolution/Text 1080p' are matched.

2020-07-02 17:40:30 - [MESSAGE][PASSED] - Actual text and expected text of test object 'Object Repository/Karaoke/Setting/Resolution/Text 1080p' are matched.

2020-07-02 17:40:30 - [TEST_STEP][PASSED] - tap(findTestObject("Karaoke/Setting/Resolution/Resolution Next"), 0): Tapped on element 'Object Repository/Karaoke/Setting/Resolution/Resolution Next'

2020-07-02 17:40:30 - [MESSAGE][WARNING] - Timeout '0' is invalid. Using default page load timeout: '30'

2020-07-02 17:40:33 - [MESSAGE][PASSED] - Tapped on element 'Object Repository/Karaoke/Setting/Resolution/Resolution Next'

2020-07-02 17:40:33 - [TEST_STEP][PASSED] - tap(findTestObject("Karaoke/Setting/Resolution/720p button"), 0): Tapped on element 'Object Repository/Karaoke/Setting/Resolution/720p button'

2020-07-02 17:40:33 - [MESSAGE][WARNING] - Timeout '0' is invalid. Using default page load timeout: '30'

2020-07-02 17:40:34 - [MESSAGE][PASSED] - Tapped on element 'Object Repository/Karaoke/Setting/Resolution/720p button'

2020-07-02 17:40:34 - [TEST_STEP][PASSED] - tap(findTestObject("Karaoke/Setting/Resolution/confirm resolution"), 0): Tapped on element 'Object Repository/Karaoke/Setting/Resolution/confirm resolution'

2020-07-02 17:40:35 - [MESSAGE][WARNING] - Timeout '0' is invalid. Using default page load timeout: '30'

2020-07-02 17:40:36 - [MESSAGE][PASSED] - Tapped on element 'Object Repository/Karaoke/Setting/Resolution/confirm resolution'

2020-07-02 17:40:36 - [TEST_STEP][PASSED] - verifyElementText(findTestObject("Karaoke/Setting/Resolution/Text 720p"), "720p"): Actual text and expected text of test object 'Object Repository/Karaoke/Setting/Resolution/Text 720p' are matched.

2020-07-02 17:40:36 - [MESSAGE][PASSED] - Actual text and expected text of test object 'Object Repository/Karaoke/Setting/Resolution/Text 720p' are matched.

2020-07-02 17:40:36 - [TEST_STEP][PASSED] - tap(findTestObject("Karaoke/Setting/Resolution/Resolution Next"), 0): Tapped on element 'Object Repository/Karaoke/Setting/Resolution/Resolution Next'

2020-07-02 17:40:36 - [MESSAGE][WARNING] - Timeout '0' is invalid. Using default page load timeout: '30'

2020-07-02 17:40:37 - [MESSAGE][PASSED] - Tapped on element 'Object Repository/Karaoke/Setting/Resolution/Resolution Next'

2020-07-02 17:40:37 - [TEST_STEP][PASSED] - tap(findTestObject("Karaoke/Setting/Resolution/480p button"), 0): Tapped on element 'Object Repository/Karaoke/Setting/Resolution/480p button'

2020-07-02 17:40:38 - [MESSAGE][WARNING] - Timeout '0' is invalid. Using default page load timeout: '30'

2020-07-02 17:40:39 - [MESSAGE][PASSED] - Tapped on element 'Object Repository/Karaoke/Setting/Resolution/480p button'

2020-07-02 17:40:39 - [TEST_STEP][PASSED] - tap(findTestObject("Karaoke/Setting/Resolution/confirm resolution"), 0): Tapped on element 'Object Repository/Karaoke/Setting/Resolution/confirm resolution'

2020-07-02 17:40:39 - [MESSAGE][WARNING] - Timeout '0' is invalid. Using default page load timeout: '30'

2020-07-02 17:40:40 - [MESSAGE][PASSED] - Tapped on element 'Object Repository/Karaoke/Setting/Resolution/confirm resolution'

2020-07-02 17:40:40 - [TEST_STEP][PASSED] - verifyElementText(findTestObject("Karaoke/Setting/Resolution/Text 480p"), "480p"): Actual text and expected text of test object 'Object Repository/Karaoke/Setting/Resolution/Text 480p' are matched.

2020-07-02 17:40:41 - [MESSAGE][PASSED] - Actual text and expected text of test object 'Object Repository/Karaoke/Setting/Resolution/Text 480p' are matched.

2020-07-02 17:40:41 - [TEST_STEP][PASSED] - tap(findTestObject("Karaoke/Setting/Resolution/Resolution Next"), 0): Tapped on element 'Object Repository/Karaoke/Setting/Resolution/Resolution Next'

2020-07-02 17:40:41 - [MESSAGE][WARNING] - Timeout '0' is invalid. Using default page load timeout: '30'

2020-07-02 17:40:44 - [MESSAGE][PASSED] - Tapped on element 'Object Repository/Karaoke/Setting/Resolution/Resolution Next'

2020-07-02 17:40:44 - [TEST_STEP][PASSED] - tap(findTestObject("Karaoke/Setting/Resolution/360p button"), 0): Tapped on element 'Object Repository/Karaoke/Setting/Resolution/360p button'

2020-07-02 17:40:44 - [MESSAGE][WARNING] - Timeout '0' is invalid. Using default page load timeout: '30'

2020-07-02 17:40:46 - [MESSAGE][PASSED] - Tapped on element 'Object Repository/Karaoke/Setting/Resolution/360p button'

2020-07-02 17:40:46 - [TEST_STEP][PASSED] - tap(findTestObject("Karaoke/Setting/Resolution/confirm resolution"), 0): Tapped on element 'Object Repository/Karaoke/Setting/Resolution/confirm resolution'

2020-07-02 17:40:46 - [MESSAGE][WARNING] - Timeout '0' is invalid. Using default page load timeout: '30'

2020-07-02 17:40:48 - [MESSAGE][PASSED] - Tapped on element 'Object Repository/Karaoke/Setting/Resolution/confirm resolution'

2020-07-02 17:40:48 - [TEST_STEP][PASSED] - verifyElementText(findTestObject("Karaoke/Setting/Resolution/Text 360p"), "360p"): Actual text and expected text of test object 'Object Repository/Karaoke/Setting/Resolution/Text 360p' are matched.

2020-07-02 17:40:48 - [MESSAGE][PASSED] - Actual text and expected text of test object 'Object Repository/Karaoke/Setting/Resolution/Text 360p' are matched.

2020-07-02 17:40:48 - [TEST_STEP][PASSED] - tap(findTestObject("Karaoke/Setting/Resolution/Resolution Next"), 0): Tapped on element 'Object Repository/Karaoke/Setting/Resolution/Resolution Next'

2020-07-02 17:40:48 - [MESSAGE][WARNING] - Timeout '0' is invalid. Using default page load timeout: '30'

2020-07-02 17:40:53 - [MESSAGE][PASSED] - Tapped on element 'Object Repository/Karaoke/Setting/Resolution/Resolution Next'

2020-07-02 17:40:53 - [TEST_STEP][PASSED] - tap(findTestObject("Karaoke/Setting/Resolution/240p button"), 0): Tapped on element 'Object Repository/Karaoke/Setting/Resolution/240p button'

2020-07-02 17:40:53 - [MESSAGE][WARNING] - Timeout '0' is invalid. Using default page load timeout: '30'

2020-07-02 17:40:54 - [MESSAGE][PASSED] - Tapped on element 'Object Repository/Karaoke/Setting/Resolution/240p button'

2020-07-02 17:40:54 - [TEST_STEP][PASSED] - tap(findTestObject("Karaoke/Setting/Resolution/confirm resolution"), 0): Tapped on element 'Object Repository/Karaoke/Setting/Resolution/confirm resolution'

2020-07-02 17:40:54 - [MESSAGE][WARNING] - Timeout '0' is invalid. Using default page load timeout: '30'

2020-07-02 17:40:55 - [MESSAGE][PASSED] - Tapped on element 'Object Repository/Karaoke/Setting/Resolution/confirm resolution'

2020-07-02 17:40:55 - [TEST_STEP][PASSED] - verifyElementText(findTestObject("Karaoke/Setting/Resolution/Text 240p"), "240p"): Actual text and expected text of test object 'Object Repository/Karaoke/Setting/Resolution/Text 240p' are matched.

2020-07-02 17:40:56 - [MESSAGE][PASSED] - Actual text and expected text of test object 'Object Repository/Karaoke/Setting/Resolution/Text 240p' are matched.

2020-07-02 17:40:56 - [TEST_STEP][PASSED] - tap(findTestObject("Karaoke/Setting/Resolution/Resolution Next"), 0): Tapped on element 'Object Repository/Karaoke/Setting/Resolution/Resolution Next'

2020-07-02 17:40:56 - [MESSAGE][WARNING] - Timeout '0' is invalid. Using default page load timeout: '30'

2020-07-02 17:40:59 - [MESSAGE][PASSED] - Tapped on element 'Object Repository/Karaoke/Setting/Resolution/Resolution Next'

2020-07-02 17:40:59 - [TEST_STEP][PASSED] - tap(findTestObject("Karaoke/Setting/Resolution/144p button"), 0): Tapped on element 'Object Repository/Karaoke/Setting/Resolution/144p button'

2020-07-02 17:40:59 - [MESSAGE][WARNING] - Timeout '0' is invalid. Using default page load timeout: '30'

2020-07-02 17:41:00 - [MESSAGE][PASSED] - Tapped on element 'Object Repository/Karaoke/Setting/Resolution/144p button'

2020-07-02 17:41:00 - [TEST_STEP][PASSED] - tap(findTestObject("Karaoke/Setting/Resolution/confirm resolution"), 0): Tapped on element 'Object Repository/Karaoke/Setting/Resolution/confirm resolution'

2020-07-02 17:41:00 - [MESSAGE][WARNING] - Timeout '0' is invalid. Using default page load timeout: '30'

2020-07-02 17:41:02 - [MESSAGE][PASSED] - Tapped on element 'Object Repository/Karaoke/Setting/Resolution/confirm resolution'

2020-07-02 17:41:02 - [TEST_STEP][PASSED] - verifyElementText(findTestObject("Karaoke/Setting/Resolution/Text 144p"), "144p"): Actual text and expected text of test object 'Object Repository/Karaoke/Setting/Resolution/Text 144p' are matched.

2020-07-02 17:41:02 - [MESSAGE][PASSED] - Actual text and expected text of test object 'Object Repository/Karaoke/Setting/Resolution/Text 144p' are matched.

2020-07-02 17:41:02 - [TEST_STEP][PASSED] - tap(findTestObject("Karaoke/Setting/Resolution/Resolution Next"), 0): Tapped on element 'Object Repository/Karaoke/Setting/Resolution/Resolution Next'

2020-07-02 17:41:03 - [MESSAGE][WARNING] - Timeout '0' is invalid. Using default page load timeout: '30'

2020-07-02 17:41:05 - [MESSAGE][PASSED] - Tapped on element 'Object Repository/Karaoke/Setting/Resolution/Resolution Next'

2020-07-02 17:41:05 - [TEST_STEP][PASSED] - tap(findTestObject("Karaoke/Setting/Resolution/auto button"), 0): Tapped on element 'Object Repository/Karaoke/Setting/Resolution/auto button'

2020-07-02 17:41:05 - [MESSAGE][WARNING] - Timeout '0' is invalid. Using default page load timeout: '30'

2020-07-02 17:41:06 - [MESSAGE][PASSED] - Tapped on element 'Object Repository/Karaoke/Setting/Resolution/auto button'

2020-07-02 17:41:06 - [TEST_STEP][PASSED] - tap(findTestObject("Karaoke/Setting/Resolution/confirm resolution"), 0): Tapped on element 'Object Repository/Karaoke/Setting/Resolution/confirm resolution'

2020-07-02 17:41:06 - [MESSAGE][WARNING] - Timeout '0' is invalid. Using default page load timeout: '30'

2020-07-02 17:41:07 - [MESSAGE][PASSED] - Tapped on element 'Object Repository/Karaoke/Setting/Resolution/confirm resolution'

2020-07-02 17:41:07 - [TEST_STEP][PASSED] - verifyElementText(findTestObject("Karaoke/Setting/Resolution/Text auto"), "auto"): Actual text and expected text of test object 'Object Repository/Karaoke/Setting/Resolution/Text auto' are matched.

2020-07-02 17:41:08 - [MESSAGE][PASSED] - Actual text and expected text of test object 'Object Repository/Karaoke/Setting/Resolution/Text auto' are matched.

2020-07-02 17:41:08 - [TEST_STEP][PASSED] - closeApplication(): Close app successfully

2020-07-02 17:41:09 - [MESSAGE][PASSED] - Close app successfully]]></system-out>
         <system-err><![CDATA[]]></system-err>
      </testcase>
      <testcase name="Test Cases/Setting/Login" time="30.189" classname="Test Cases/Setting/Login" status="PASSED">
         <system-out><![CDATA[2020-07-02 17:41:09 - [TEST_CASE][PASSED] - Test Cases/Setting/Login: Test Cases/Setting/Login

2020-07-02 17:41:09 - [TEST_STEP][PASSED] - startApplication("C:\Users\WISDOMVAST\Katalon Studio\AIS_Karaoke\androidapp\karaoke_v2_stg_4.3.7_(60).apk", false): Started app at: 'C:\Users\WISDOMVAST\Katalon Studio\AIS_Karaoke\androidapp\karaoke_v2_stg_4.3.7_(60).apk'

2020-07-02 17:41:09 - [MESSAGE][INFO] - User set preference: ['deviceId', 'R58M93S563N']

2020-07-02 17:41:12 - [MESSAGE][INFO] - Appium server started on port 56,720

2020-07-02 17:41:25 - [MESSAGE][PASSED] - Started app at: 'C:\Users\WISDOMVAST\Katalon Studio\AIS_Karaoke\androidapp\karaoke_v2_stg_4.3.7_(60).apk'

2020-07-02 17:41:25 - [TEST_STEP][PASSED] - pressBack(): Press back button successfully

2020-07-02 17:41:27 - [MESSAGE][PASSED] - Press back button successfully

2020-07-02 17:41:27 - [TEST_STEP][PASSED] - delay(3, STOP_ON_FAILURE): Delayed 3 second(s)

2020-07-02 17:41:30 - [MESSAGE][PASSED] - Delayed 3 second(s)

2020-07-02 17:41:30 - [TEST_STEP][PASSED] - pressBack(): Press back button successfully

2020-07-02 17:41:31 - [MESSAGE][PASSED] - Press back button successfully

2020-07-02 17:41:31 - [TEST_STEP][PASSED] - tap(findTestObject("Karaoke/Setting/Profile Button"), 0): Tapped on element 'Object Repository/Karaoke/Setting/Profile Button'

2020-07-02 17:41:31 - [MESSAGE][WARNING] - Timeout '0' is invalid. Using default page load timeout: '30'

2020-07-02 17:41:34 - [MESSAGE][PASSED] - Tapped on element 'Object Repository/Karaoke/Setting/Profile Button'

2020-07-02 17:41:34 - [TEST_STEP][PASSED] - tap(findTestObject("Karaoke/Setting/Login/Setting Login"), 0): Tapped on element 'Object Repository/Karaoke/Setting/Login/Setting Login'

2020-07-02 17:41:34 - [MESSAGE][WARNING] - Timeout '0' is invalid. Using default page load timeout: '30'

2020-07-02 17:41:36 - [MESSAGE][PASSED] - Tapped on element 'Object Repository/Karaoke/Setting/Login/Setting Login'

2020-07-02 17:41:36 - [TEST_STEP][PASSED] - verifyElementText(findTestObject("Karaoke/Setting/Login/Setting Login Text"), " ล็อกอิน"): Actual text and expected text of test object 'Object Repository/Karaoke/Setting/Login/Setting Login Text' are matched.

2020-07-02 17:41:38 - [MESSAGE][PASSED] - Actual text and expected text of test object 'Object Repository/Karaoke/Setting/Login/Setting Login Text' are matched.

2020-07-02 17:41:38 - [TEST_STEP][PASSED] - closeApplication(): Close app successfully

2020-07-02 17:41:39 - [MESSAGE][PASSED] - Close app successfully]]></system-out>
         <system-err><![CDATA[]]></system-err>
      </testcase>
      <testcase name="Test Cases/Setting/Privacy Policy" time="36.681" classname="Test Cases/Setting/Privacy Policy" status="PASSED">
         <system-out><![CDATA[2020-07-02 17:41:39 - [TEST_CASE][PASSED] - Test Cases/Setting/Privacy Policy: Test Cases/Setting/Privacy Policy

2020-07-02 17:41:39 - [TEST_STEP][PASSED] - startApplication("C:\Users\WISDOMVAST\Downloads\karaoke_v2_stg_4.3.7_(60).apk", false): Started app at: 'C:\Users\WISDOMVAST\Downloads\karaoke_v2_stg_4.3.7_(60).apk'

2020-07-02 17:41:39 - [MESSAGE][INFO] - User set preference: ['deviceId', 'R58M93S563N']

2020-07-02 17:41:42 - [MESSAGE][INFO] - Appium server started on port 56,909

2020-07-02 17:41:54 - [MESSAGE][PASSED] - Started app at: 'C:\Users\WISDOMVAST\Downloads\karaoke_v2_stg_4.3.7_(60).apk'

2020-07-02 17:41:54 - [TEST_STEP][PASSED] - pressBack(): Press back button successfully

2020-07-02 17:41:56 - [MESSAGE][PASSED] - Press back button successfully

2020-07-02 17:41:56 - [TEST_STEP][PASSED] - delay(3, STOP_ON_FAILURE): Delayed 3 second(s)

2020-07-02 17:41:59 - [MESSAGE][PASSED] - Delayed 3 second(s)

2020-07-02 17:41:59 - [TEST_STEP][PASSED] - pressBack(): Press back button successfully

2020-07-02 17:42:00 - [MESSAGE][PASSED] - Press back button successfully

2020-07-02 17:42:00 - [TEST_STEP][PASSED] - tap(findTestObject("Karaoke/Setting/Profile Button"), 0): Tapped on element 'Object Repository/Karaoke/Setting/Profile Button'

2020-07-02 17:42:00 - [MESSAGE][WARNING] - Timeout '0' is invalid. Using default page load timeout: '30'

2020-07-02 17:42:04 - [MESSAGE][PASSED] - Tapped on element 'Object Repository/Karaoke/Setting/Profile Button'

2020-07-02 17:42:04 - [TEST_STEP][PASSED] - tap(findTestObject("Karaoke/Setting/Language/Setting Button"), 0): Tapped on element 'Object Repository/Karaoke/Setting/Language/Setting Button'

2020-07-02 17:42:04 - [MESSAGE][WARNING] - Timeout '0' is invalid. Using default page load timeout: '30'

2020-07-02 17:42:06 - [MESSAGE][PASSED] - Tapped on element 'Object Repository/Karaoke/Setting/Language/Setting Button'

2020-07-02 17:42:06 - [TEST_STEP][PASSED] - tap(findTestObject("Karaoke/Setting/Privacy/Privacy Policy Next"), 0): Tapped on element 'Object Repository/Karaoke/Setting/Privacy/Privacy Policy Next'

2020-07-02 17:42:06 - [MESSAGE][WARNING] - Timeout '0' is invalid. Using default page load timeout: '30'

2020-07-02 17:42:09 - [MESSAGE][PASSED] - Tapped on element 'Object Repository/Karaoke/Setting/Privacy/Privacy Policy Next'

2020-07-02 17:42:09 - [TEST_STEP][PASSED] - verifyElementText(findTestObject("Karaoke/Setting/Privacy/Privacy Policy Text"), "Privacy Policy"): Actual text and expected text of test object 'Object Repository/Karaoke/Setting/Privacy/Privacy Policy Text' are matched.

2020-07-02 17:42:11 - [MESSAGE][PASSED] - Actual text and expected text of test object 'Object Repository/Karaoke/Setting/Privacy/Privacy Policy Text' are matched.

2020-07-02 17:42:11 - [TEST_STEP][PASSED] - tap(findTestObject("Karaoke/Setting/Privacy/Confirm button"), 0): Tapped on element 'Object Repository/Karaoke/Setting/Privacy/Confirm button'

2020-07-02 17:42:11 - [MESSAGE][WARNING] - Timeout '0' is invalid. Using default page load timeout: '30'

2020-07-02 17:42:15 - [MESSAGE][PASSED] - Tapped on element 'Object Repository/Karaoke/Setting/Privacy/Confirm button'

2020-07-02 17:42:15 - [TEST_STEP][PASSED] - closeApplication(): Close app successfully

2020-07-02 17:42:16 - [MESSAGE][PASSED] - Close app successfully]]></system-out>
         <system-err><![CDATA[]]></system-err>
      </testcase>
      <testcase name="Test Cases/Setting/Term Condition" time="31.764" classname="Test Cases/Setting/Term Condition" status="PASSED">
         <system-out><![CDATA[2020-07-02 17:42:16 - [TEST_CASE][PASSED] - Test Cases/Setting/Term Condition: Test Cases/Setting/Term Condition

2020-07-02 17:42:16 - [TEST_STEP][PASSED] - startApplication("C:\Users\WISDOMVAST\Downloads\karaoke_v2_stg_4.3.7_(60).apk", false): Started app at: 'C:\Users\WISDOMVAST\Downloads\karaoke_v2_stg_4.3.7_(60).apk'

2020-07-02 17:42:16 - [MESSAGE][INFO] - User set preference: ['deviceId', 'R58M93S563N']

2020-07-02 17:42:19 - [MESSAGE][INFO] - Appium server started on port 57,093

2020-07-02 17:42:31 - [MESSAGE][PASSED] - Started app at: 'C:\Users\WISDOMVAST\Downloads\karaoke_v2_stg_4.3.7_(60).apk'

2020-07-02 17:42:31 - [TEST_STEP][PASSED] - pressBack(): Press back button successfully

2020-07-02 17:42:33 - [MESSAGE][PASSED] - Press back button successfully

2020-07-02 17:42:33 - [TEST_STEP][PASSED] - delay(3, STOP_ON_FAILURE): Delayed 3 second(s)

2020-07-02 17:42:36 - [MESSAGE][PASSED] - Delayed 3 second(s)

2020-07-02 17:42:36 - [TEST_STEP][PASSED] - pressBack(): Press back button successfully

2020-07-02 17:42:37 - [MESSAGE][PASSED] - Press back button successfully

2020-07-02 17:42:37 - [TEST_STEP][PASSED] - tap(findTestObject("Karaoke/Setting/Profile Button"), 0): Tapped on element 'Object Repository/Karaoke/Setting/Profile Button'

2020-07-02 17:42:37 - [MESSAGE][WARNING] - Timeout '0' is invalid. Using default page load timeout: '30'

2020-07-02 17:42:40 - [MESSAGE][PASSED] - Tapped on element 'Object Repository/Karaoke/Setting/Profile Button'

2020-07-02 17:42:40 - [TEST_STEP][PASSED] - tap(findTestObject("Karaoke/Setting/Language/Setting Button"), 0): Tapped on element 'Object Repository/Karaoke/Setting/Language/Setting Button'

2020-07-02 17:42:40 - [MESSAGE][WARNING] - Timeout '0' is invalid. Using default page load timeout: '30'

2020-07-02 17:42:42 - [MESSAGE][PASSED] - Tapped on element 'Object Repository/Karaoke/Setting/Language/Setting Button'

2020-07-02 17:42:42 - [TEST_STEP][PASSED] - tap(findTestObject("Karaoke/Setting/Term Condition/Term Condition Next"), 0): Tapped on element 'Object Repository/Karaoke/Setting/Term Condition/Term Condition Next'

2020-07-02 17:42:42 - [MESSAGE][WARNING] - Timeout '0' is invalid. Using default page load timeout: '30'

2020-07-02 17:42:43 - [MESSAGE][PASSED] - Tapped on element 'Object Repository/Karaoke/Setting/Term Condition/Term Condition Next'

2020-07-02 17:42:43 - [TEST_STEP][PASSED] - verifyElementText(findTestObject("Karaoke/Setting/Term Condition/Terms and Conditions for AIS Karaoke Service Text"), "Terms and Conditions for AIS Karaoke Service"): Actual text and expected text of test object 'Object Repository/Karaoke/Setting/Term Condition/Terms and Conditions for AIS Karaoke Service Text' are matched.

2020-07-02 17:42:45 - [MESSAGE][PASSED] - Actual text and expected text of test object 'Object Repository/Karaoke/Setting/Term Condition/Terms and Conditions for AIS Karaoke Service Text' are matched.

2020-07-02 17:42:45 - [TEST_STEP][PASSED] - tap(findTestObject("Karaoke/Setting/Term Condition/Confirm button"), 0): Tapped on element 'Object Repository/Karaoke/Setting/Term Condition/Confirm button'

2020-07-02 17:42:45 - [MESSAGE][WARNING] - Timeout '0' is invalid. Using default page load timeout: '30'

2020-07-02 17:42:47 - [MESSAGE][PASSED] - Tapped on element 'Object Repository/Karaoke/Setting/Term Condition/Confirm button'

2020-07-02 17:42:47 - [TEST_STEP][PASSED] - closeApplication(): Close app successfully

2020-07-02 17:42:47 - [MESSAGE][PASSED] - Close app successfully]]></system-out>
         <system-err><![CDATA[]]></system-err>
      </testcase>
      <system-out><![CDATA[2020-07-02 17:37:50 - [TEST_SUITE][FAILED] - Setting: Test Cases/Setting/Change language EN to TH FAILED.
Reason:
com.kms.katalon.core.exception.StepFailedException: Object Object Repository/Karaoke/Setting/Language/Radio THAI not found
	at com.kms.katalon.core.keyword.internal.KeywordMain.stepFailed(KeywordMain.groovy:50)
	at com.kms.katalon.core.mobile.keyword.internal.MobileKeywordMain.stepFailed(MobileKeywordMain.groovy:40)
	at com.kms.katalon.core.mobile.keyword.builtin.TapKeyword$_tap_closure1.doCall(TapKeyword.groovy:79)
	at com.kms.katalon.core.mobile.keyword.builtin.TapKeyword$_tap_closure1.call(TapKeyword.groovy)
	at com.kms.katalon.core.mobile.keyword.internal.MobileKeywordMain.runKeyword(MobileKeywordMain.groovy:21)
	at com.kms.katalon.core.mobile.keyword.builtin.TapKeyword.tap(TapKeyword.groovy:86)
	at com.kms.katalon.core.mobile.keyword.builtin.TapKeyword.execute(TapKeyword.groovy:68)
	at com.kms.katalon.core.keyword.internal.KeywordExecutor.executeKeywordForPlatform(KeywordExecutor.groovy:72)
	at com.kms.katalon.core.mobile.keyword.MobileBuiltInKeywords.tap(MobileBuiltInKeywords.groovy:577)
	at com.kms.katalon.core.mobile.keyword.MobileBuiltInKeywords$tap$2.call(Unknown Source)
	at Change language EN to TH.run(Change language EN to TH:36)
	at com.kms.katalon.core.main.ScriptEngine.run(ScriptEngine.java:194)
	at com.kms.katalon.core.main.ScriptEngine.runScriptAsRawText(ScriptEngine.java:119)
	at com.kms.katalon.core.main.TestCaseExecutor.runScript(TestCaseExecutor.java:337)
	at com.kms.katalon.core.main.TestCaseExecutor.doExecute(TestCaseExecutor.java:328)
	at com.kms.katalon.core.main.TestCaseExecutor.processExecutionPhase(TestCaseExecutor.java:307)
	at com.kms.katalon.core.main.TestCaseExecutor.accessMainPhase(TestCaseExecutor.java:299)
	at com.kms.katalon.core.main.TestCaseExecutor.execute(TestCaseExecutor.java:233)
	at com.kms.katalon.core.main.TestSuiteExecutor.accessTestCaseMainPhase(TestSuiteExecutor.java:169)
	at com.kms.katalon.core.main.TestSuiteExecutor.accessTestSuiteMainPhase(TestSuiteExecutor.java:142)
	at com.kms.katalon.core.main.TestSuiteExecutor.execute(TestSuiteExecutor.java:91)
	at com.kms.katalon.core.main.TestCaseMain.startTestSuite(TestCaseMain.java:157)
	at com.kms.katalon.core.main.TestCaseMain$startTestSuite$0.call(Unknown Source)
	at TempTestSuite1593685155789.run(TempTestSuite1593685155789.groovy:37)]]></system-out>
      <system-err><![CDATA[2020-07-02 17:37:50 - [TEST_SUITE][FAILED] - Setting: Test Cases/Setting/Change language EN to TH FAILED.
Reason:
com.kms.katalon.core.exception.StepFailedException: Object Object Repository/Karaoke/Setting/Language/Radio THAI not found
	at com.kms.katalon.core.keyword.internal.KeywordMain.stepFailed(KeywordMain.groovy:50)
	at com.kms.katalon.core.mobile.keyword.internal.MobileKeywordMain.stepFailed(MobileKeywordMain.groovy:40)
	at com.kms.katalon.core.mobile.keyword.builtin.TapKeyword$_tap_closure1.doCall(TapKeyword.groovy:79)
	at com.kms.katalon.core.mobile.keyword.builtin.TapKeyword$_tap_closure1.call(TapKeyword.groovy)
	at com.kms.katalon.core.mobile.keyword.internal.MobileKeywordMain.runKeyword(MobileKeywordMain.groovy:21)
	at com.kms.katalon.core.mobile.keyword.builtin.TapKeyword.tap(TapKeyword.groovy:86)
	at com.kms.katalon.core.mobile.keyword.builtin.TapKeyword.execute(TapKeyword.groovy:68)
	at com.kms.katalon.core.keyword.internal.KeywordExecutor.executeKeywordForPlatform(KeywordExecutor.groovy:72)
	at com.kms.katalon.core.mobile.keyword.MobileBuiltInKeywords.tap(MobileBuiltInKeywords.groovy:577)
	at com.kms.katalon.core.mobile.keyword.MobileBuiltInKeywords$tap$2.call(Unknown Source)
	at Change language EN to TH.run(Change language EN to TH:36)
	at com.kms.katalon.core.main.ScriptEngine.run(ScriptEngine.java:194)
	at com.kms.katalon.core.main.ScriptEngine.runScriptAsRawText(ScriptEngine.java:119)
	at com.kms.katalon.core.main.TestCaseExecutor.runScript(TestCaseExecutor.java:337)
	at com.kms.katalon.core.main.TestCaseExecutor.doExecute(TestCaseExecutor.java:328)
	at com.kms.katalon.core.main.TestCaseExecutor.processExecutionPhase(TestCaseExecutor.java:307)
	at com.kms.katalon.core.main.TestCaseExecutor.accessMainPhase(TestCaseExecutor.java:299)
	at com.kms.katalon.core.main.TestCaseExecutor.execute(TestCaseExecutor.java:233)
	at com.kms.katalon.core.main.TestSuiteExecutor.accessTestCaseMainPhase(TestSuiteExecutor.java:169)
	at com.kms.katalon.core.main.TestSuiteExecutor.accessTestSuiteMainPhase(TestSuiteExecutor.java:142)
	at com.kms.katalon.core.main.TestSuiteExecutor.execute(TestSuiteExecutor.java:91)
	at com.kms.katalon.core.main.TestCaseMain.startTestSuite(TestCaseMain.java:157)
	at com.kms.katalon.core.main.TestCaseMain$startTestSuite$0.call(Unknown Source)
	at TempTestSuite1593685155789.run(TempTestSuite1593685155789.groovy:37)]]></system-err>
   </testsuite>
</testsuites>
